Arguments: 
  C:\Program Files\nodejs\node.exe C:\Users\Administrator\AppData\Roaming\npm\node_modules\yarn\bin\yarn.js add react react-dom react-router react-rotuer-dom

PATH: 
  C:\Program Files\Git\mingw64\bin;C:\Program Files\Git\usr\bin;C:\Users\Administrator\bin;C:\ProgramData\Anaconda3;C:\ProgramData\Anaconda3\Library\mingw-w64\bin;C:\ProgramData\Anaconda3\Library\usr\bin;C:\ProgramData\Anaconda3\Library\bin;C:\ProgramData\Anaconda3\Scripts;C:\TMAX\DLL;C:\Python39\Scripts;C:\Python39;C:\Program Files (x86)\CollabNet\Subversion Client;C:\WINDOWS\system32;C:\WINDOWS;C:\WINDOWS\System32\Wbem;C:\WINDOWS\System32\WindowsPowerShell\v1.0;C:\WINDOWS\System32\OpenSSH;C:\SHIS\PHIS\zulu8.40.0.25-ca-jdk8.0.222-win_x64\bin;C:\Program Files\Git\cmd;C:\Program Files (x86)\PuTTY;C:\Program Files\nodejs;C:\ProgramData\chocolatey\bin;C:\ProgramData\Anaconda3\Library;C:\Program Files\TortoiseGit\bin;D:\Program Files\Embarcadero\Studio\15.0\bin;D:\Program Files\Embarcadero\Studio\15.0\lib;D:\Program Files\apache-maven-3.6.3\bin;C:\SHIS\PHIS\zulu8.40.0.25-ca-jdk8.0.222-win_x64\bin;C:\msys64\mingw64\bin;C:\Program Files (x86)\dotnet;C:\Users\Administrator\AppData\Local\Microsoft\WindowsApps;C:\Program Files\Bandizip;D:\Program Files\Microsoft VS Code\bin;C:\Users\Administrator\AppData\Roaming\npm

Yarn version: 
  1.22.10

Node version: 
  14.15.4

Platform: 
  win32 x64

Trace: 
  Error: https://registry.yarnpkg.com/react-rotuer-dom: Not found
      at Request.params.callback [as _callback] (C:\Users\Administrator\AppData\Roaming\npm\node_modules\yarn\lib\cli.js:66988:18)
      at Request.self.callback (C:\Users\Administrator\AppData\Roaming\npm\node_modules\yarn\lib\cli.js:140662:22)
      at Request.emit (events.js:315:20)
      at Request.<anonymous> (C:\Users\Administrator\AppData\Roaming\npm\node_modules\yarn\lib\cli.js:141634:10)
      at Request.emit (events.js:315:20)
      at IncomingMessage.<anonymous> (C:\Users\Administrator\AppData\Roaming\npm\node_modules\yarn\lib\cli.js:141556:12)
      at Object.onceWrapper (events.js:421:28)
      at IncomingMessage.emit (events.js:327:22)
      at endReadableNT (internal/streams/readable.js:1327:12)
      at processTicksAndRejections (internal/process/task_queues.js:80:21)

npm manifest: 
  {
    "name": "sample-rt",
    "version": "1.0.0",
    "main": "index.js",
    "license": "MIT"
  }

yarn manifest: 
  No manifest

Lockfile: 
  No lockfile
